# このファイルは緯度・経度を用いた２点間の距離と方位角の計算結果（一括処理）です。
# 選択された楕円体は「GRS80」です。
# 出力項目は以下の通りです。
# 出発点緯度(dms) 出発点経度(dms) 到着点緯度(dms) 到着点経度(dms) 測地線長(m) 方位角1(dms) 方位角2(dms) コメント
#-----------------------------------------------------------------------------------------------------------------------
  160000.0000   1260000.0000   171800.0000   1263000.0000      153434.918       201619.55      2002455.33 
  171800.0000   1263000.0000   182400.0000   1270000.0000      132781.047       232651.44      2033603.22 
  182400.0000   1270000.0000   191200.0000   1273000.0000      103051.187       304055.67      2105035.77 
  191200.0000   1273000.0000   200000.0000   1280000.0000      102928.064       303318.25      2104322.09 
  200000.0000   1280000.0000   202400.0000   1280000.0000       44282.719            0.00      1800000.00 
  202400.0000   1280000.0000   205400.0000   1280000.0000       55356.258            0.00      1800000.00 
  205400.0000   1280000.0000   210000.0000   1273000.0000       53168.010      2820630.46      1015546.86 
  210000.0000   1273000.0000   210000.0000   1270000.0000       51985.179      2700522.53       895437.47 
  210000.0000   1270000.0000   210000.0000   1270000.0000       0.000                0.00            0.00 
  210000.0000   1270000.0000   210600.0000   1265400.0000       15185.861      3164939.35      1364730.05 
  210600.0000   1265400.0000   211200.0000   1264200.0000       23539.626      2980535.39      1180115.60 
  211200.0000   1264200.0000   211200.0000   1263600.0000       10383.127      2700105.09       895854.91 
  211200.0000   1263600.0000   211800.0000   1263000.0000       15176.511      3165200.55      1364950.07 
  211800.0000   1263000.0000   211800.0000   1261800.0000       20752.245      2700210.77       895749.23 
  211800.0000   1261800.0000   212400.0000   1260000.0000       33028.947      2893827.02      1093153.83 
  212400.0000   1260000.0000   221200.0000   1260600.0000       89183.578        63823.19      1864036.89 
  221200.0000   1260600.0000   231200.0000   1263600.0000      122075.731       244728.36      2045903.02 
  231200.0000   1263600.0000   240000.0000   1261800.0000       93743.377      3405944.55      1605232.16 
  240000.0000   1261800.0000   244200.0000   1260000.0000       83296.408      3383730.55      1583005.25 
  244200.0000   1260000.0000   251800.0000   1260000.0000       66463.736            0.00      1800000.00 
  251800.0000   1260000.0000   262400.0000   1260000.0000      121864.293            0.00      1800000.00 
  262400.0000   1260000.0000   273600.0000   1261200.0000      134437.823        82645.77      1883212.66 
  273600.0000   1261200.0000   290000.0000   1271200.0000      183556.840       320354.80      2123221.68 
  290000.0000   1271200.0000   303600.0000   1274200.0000      183827.305       150719.61      1952214.26 
  303600.0000   1274200.0000   320000.0000   1280000.0000      157829.999       102053.17      1903014.29 
  320000.0000   1280000.0000   331200.0000   1290000.0000      162851.885       345551.48      2152811.20 
  331200.0000   1290000.0000   344800.0000   1310600.0000      262925.272       465754.05      2280822.29 
  344800.0000   1310600.0000   362400.0000   1324800.0000      235033.462       402730.71      2212653.83 
  362400.0000   1324800.0000   374200.0000   1344800.0000      229042.367       502138.78      2313357.43 
  374200.0000   1344800.0000   382400.0000   1365400.0000      200023.206       662953.40      2474733.41 
  382400.0000   1365400.0000   393600.0000   1383600.0000      198572.791       472004.35      2282416.17 
  393600.0000   1383600.0000   404800.0000   1394800.0000      167906.270       370542.56      2175211.15 
  404800.0000   1394800.0000   420000.0000   1400000.0000      134319.182        70512.49      1871308.66 
  420000.0000   1400000.0000   430000.0000   1400000.0000      111083.004            0.00      1800000.00 
  430000.0000   1400000.0000   430000.0000   1400000.0000           0.000            0.00            0.00 
  430000.0000   1400000.0000   430000.0000   1400000.0000           0.000            0.00            0.00 
  430000.0000   1400000.0000   430000.0000   1400000.0000           0.000            0.00            0.00 
  430000.0000   1400000.0000   430000.0000   1400000.0000           0.000            0.00            0.00 
